Performing C SOURCE FILE Test CMAKE_HAVE_LIBC_PTHREAD failed with the following output:
Change Dir: /workspaces/Crow/=build/build/Release/CMakeFiles/CMakeTmp

Run Build Command(s):/usr/bin/make cmTC_3b171/fast && /usr/bin/make -f CMakeFiles/cmTC_3b171.dir/build.make CMakeFiles/cmTC_3b171.dir/build
make[1]: Entering directory '/workspaces/Crow/=build/build/Release/CMakeFiles/CMakeTmp'
Building C object CMakeFiles/cmTC_3b171.dir/src.c.o
/usr/bin/cc   -m64 -DCMAKE_HAVE_LIBC_PTHREAD   -o CMakeFiles/cmTC_3b171.dir/src.c.o   -c /workspaces/Crow/=build/build/Release/CMakeFiles/CMakeTmp/src.c
Linking C executable cmTC_3b171
/usr/bin/cmake -E cmake_link_script CMakeFiles/cmTC_3b171.dir/link.txt --verbose=1
/usr/bin/cc -m64 -DCMAKE_HAVE_LIBC_PTHREAD  -m64  CMakeFiles/cmTC_3b171.dir/src.c.o  -o cmTC_3b171 
/usr/bin/ld: CMakeFiles/cmTC_3b171.dir/src.c.o: in function `main':
src.c:(.text+0x46): undefined reference to `pthread_create'
/usr/bin/ld: src.c:(.text+0x52): undefined reference to `pthread_detach'
/usr/bin/ld: src.c:(.text+0x63): undefined reference to `pthread_join'
collect2: error: ld returned 1 exit status
make[1]: *** [CMakeFiles/cmTC_3b171.dir/build.make:87: cmTC_3b171] Error 1
make[1]: Leaving directory '/workspaces/Crow/=build/build/Release/CMakeFiles/CMakeTmp'
make: *** [Makefile:121: cmTC_3b171/fast] Error 2


Source file was:
#include <pthread.h>

void* test_func(void* data)
{
  return data;
}

int main(void)
{
  pthread_t thread;
  pthread_create(&thread, NULL, test_func, NULL);
  pthread_detach(thread);
  pthread_join(thread, NULL);
  pthread_atfork(NULL, NULL, NULL);
  pthread_exit(NULL);

  return 0;
}

Determining if the function pthread_create exists in the pthreads failed with the following output:
Change Dir: /workspaces/Crow/=build/build/Release/CMakeFiles/CMakeTmp

Run Build Command(s):/usr/bin/make cmTC_96dba/fast && /usr/bin/make -f CMakeFiles/cmTC_96dba.dir/build.make CMakeFiles/cmTC_96dba.dir/build
make[1]: Entering directory '/workspaces/Crow/=build/build/Release/CMakeFiles/CMakeTmp'
Building C object CMakeFiles/cmTC_96dba.dir/CheckFunctionExists.c.o
/usr/bin/cc   -m64 -DCHECK_FUNCTION_EXISTS=pthread_create   -o CMakeFiles/cmTC_96dba.dir/CheckFunctionExists.c.o   -c /usr/share/cmake-3.16/Modules/CheckFunctionExists.c
Linking C executable cmTC_96dba
/usr/bin/cmake -E cmake_link_script CMakeFiles/cmTC_96dba.dir/link.txt --verbose=1
/usr/bin/cc -m64 -DCHECK_FUNCTION_EXISTS=pthread_create  -m64  CMakeFiles/cmTC_96dba.dir/CheckFunctionExists.c.o  -o cmTC_96dba  -lpthreads 
/usr/bin/ld: cannot find -lpthreads
collect2: error: ld returned 1 exit status
make[1]: *** [CMakeFiles/cmTC_96dba.dir/build.make:87: cmTC_96dba] Error 1
make[1]: Leaving directory '/workspaces/Crow/=build/build/Release/CMakeFiles/CMakeTmp'
make: *** [Makefile:121: cmTC_96dba/fast] Error 2



